<?xml version="1.0" encoding="UTF-8"?>
<!-- Generated by org.testng.reporters.JUnitReportReporter -->
<testsuite hostname="LAPTOP-8CJRD72V" failures="0" tests="16" name="create_Deal.Deal_Information2" time="19.427" errors="0" timestamp="2022-12-20T17:01:06 IST" skipped="0">
  <testcase classname="create_Deal.Deal_Information2" name="TC_1" time="1.369"/>
  <system-out/>
  <testcase classname="create_Deal.Deal_Information2" name="TC_2" time="1.202"/>
  <system-out/>
  <testcase classname="create_Deal.Deal_Information2" name="TC_3" time="1.135"/>
  <system-out/>
  <testcase classname="create_Deal.Deal_Information2" name="TC_4" time="1.292"/>
  <system-out/>
  <testcase classname="create_Deal.Deal_Information2" name="TC_5" time="1.168"/>
  <system-out/>
  <testcase classname="create_Deal.Deal_Information2" name="TC_6" time="1.149"/>
  <system-out/>
  <testcase classname="create_Deal.Deal_Information2" name="TC_7" time="1.259"/>
  <system-out/>
  <testcase classname="create_Deal.Deal_Information2" name="TC_8" time="1.128"/>
  <system-out/>
  <testcase classname="create_Deal.Deal_Information2" name="TC_9" time="1.221"/>
  <system-out/>
  <testcase classname="create_Deal.Deal_Information2" name="TC_10" time="1.240"/>
  <system-out/>
  <testcase classname="create_Deal.Deal_Information2" name="TC_11" time="1.187"/>
  <system-out/>
  <testcase classname="create_Deal.Deal_Information2" name="TC_12" time="1.165"/>
  <system-out/>
  <testcase classname="create_Deal.Deal_Information2" name="TC_13" time="1.166"/>
  <system-out/>
  <testcase classname="create_Deal.Deal_Information2" name="TC_14" time="1.165"/>
  <system-out/>
  <testcase classname="create_Deal.Deal_Information2" name="TC_15" time="1.173"/>
  <system-out/>
  <testcase classname="create_Deal.Deal_Information2" name="TC_16" time="1.408"/>
  <system-out/>
</testsuite> <!-- create_Deal.Deal_Information2 -->
