<?xml version="1.0" encoding="UTF-8"?>
<!-- Generated by org.testng.reporters.JUnitReportReporter -->
<testsuite hostname="LAPTOP-8CJRD72V" failures="0" tests="16" name="create_Deal.Deal_Information" time="19.545" errors="0" timestamp="2022-12-20T17:03:17 IST" skipped="0">
  <testcase classname="create_Deal.Deal_Information" name="TC_1" time="1.349"/>
  <system-out/>
  <testcase classname="create_Deal.Deal_Information" name="TC_2" time="1.226"/>
  <system-out/>
  <testcase classname="create_Deal.Deal_Information" name="TC_3" time="1.156"/>
  <system-out/>
  <testcase classname="create_Deal.Deal_Information" name="TC_4" time="1.364"/>
  <system-out/>
  <testcase classname="create_Deal.Deal_Information" name="TC_5" time="1.177"/>
  <system-out/>
  <testcase classname="create_Deal.Deal_Information" name="TC_6" time="1.149"/>
  <system-out/>
  <testcase classname="create_Deal.Deal_Information" name="TC_7" time="1.197"/>
  <system-out/>
  <testcase classname="create_Deal.Deal_Information" name="TC_8" time="1.137"/>
  <system-out/>
  <testcase classname="create_Deal.Deal_Information" name="TC_9" time="1.247"/>
  <system-out/>
  <testcase classname="create_Deal.Deal_Information" name="TC_10" time="1.223"/>
  <system-out/>
  <testcase classname="create_Deal.Deal_Information" name="TC_11" time="1.169"/>
  <system-out/>
  <testcase classname="create_Deal.Deal_Information" name="TC_12" time="1.171"/>
  <system-out/>
  <testcase classname="create_Deal.Deal_Information" name="TC_13" time="1.148"/>
  <system-out/>
  <testcase classname="create_Deal.Deal_Information" name="TC_14" time="1.177"/>
  <system-out/>
  <testcase classname="create_Deal.Deal_Information" name="TC_15" time="1.180"/>
  <system-out/>
  <testcase classname="create_Deal.Deal_Information" name="TC_16" time="1.475"/>
  <system-out/>
</testsuite> <!-- create_Deal.Deal_Information -->
